22:27:56.409 INFO [main] org.lenskit.cli.Main: Starting LensKit 3.0-M1 on Java 1.8.0_201 from Oracle Corporation
22:27:56.465 DEBUG [main] org.lenskit.LenskitInfo: have 5573 active revisions
22:27:56.473 DEBUG [main] org.lenskit.cli.Main: Built from Git revision c0210fa3281ef8b15b0959bcd5fced43c5fec38a
22:27:56.473 DEBUG [main] org.lenskit.cli.Main: Using VM 'Java HotSpot(TM) 64-Bit Server VM' version 25.201-b09 from Oracle Corporation
22:27:56.481 INFO [main] org.lenskit.cli.Main: Have 4 processors and heap limit of 1799 MiB
22:27:56.505 INFO [main] org.lenskit.cli.util.RecommenderLoader: creating fresh recommender
22:27:56.945 INFO [main] org.lenskit.config.ConfigurationLoader: loading script from file:/C:/Users/hp/Desktop/Coursera/IntroductionToRecommenderSystem_NonPersonalized/nonpers-assignment/etc/simple-assoc.groovy
22:27:57.729 DEBUG [main] org.lenskit.data.dao.file.TextEntitySource: loading source ratings with base URI file:/C:/Users/hp/Desktop/Coursera/IntroductionToRecommenderSystem_NonPersonalized/nonpers-assignment/data/movielens.yml
22:27:57.729 DEBUG [main] org.lenskit.data.dao.file.TextEntitySource: resolved file URI: file:/C:/Users/hp/Desktop/Coursera/IntroductionToRecommenderSystem_NonPersonalized/nonpers-assignment/data/ratings.csv
22:27:57.745 INFO [main] org.lenskit.data.dao.file.TextEntitySource: loading text file source ratings to read from file:/C:/Users/hp/Desktop/Coursera/IntroductionToRecommenderSystem_NonPersonalized/nonpers-assignment/data/ratings.csv
22:27:57.753 DEBUG [main] org.lenskit.data.dao.file.TextEntitySource: ratings: using delimiter ,
22:27:57.753 DEBUG [main] org.lenskit.data.dao.file.TextEntitySource: ratings: reading header
22:27:57.753 DEBUG [main] org.lenskit.data.dao.file.TextEntitySource: ratings: reading entities of type EntityType[rating]
22:27:57.817 DEBUG [main] org.lenskit.data.dao.file.TextEntitySource: class org.lenskit.data.ratings.RatingBuilder: using entity builder {}
22:27:57.817 DEBUG [main] org.lenskit.data.dao.file.TextEntitySource: loading source movies with base URI file:/C:/Users/hp/Desktop/Coursera/IntroductionToRecommenderSystem_NonPersonalized/nonpers-assignment/data/movielens.yml
22:27:57.817 DEBUG [main] org.lenskit.data.dao.file.TextEntitySource: resolved file URI: file:/C:/Users/hp/Desktop/Coursera/IntroductionToRecommenderSystem_NonPersonalized/nonpers-assignment/data/movies.csv
22:27:57.817 INFO [main] org.lenskit.data.dao.file.TextEntitySource: loading text file source movies to read from file:/C:/Users/hp/Desktop/Coursera/IntroductionToRecommenderSystem_NonPersonalized/nonpers-assignment/data/movies.csv
22:27:57.817 DEBUG [main] org.lenskit.data.dao.file.TextEntitySource: movies: using delimiter ,
22:27:57.817 DEBUG [main] org.lenskit.data.dao.file.TextEntitySource: movies: reading header
22:27:57.817 DEBUG [main] org.lenskit.data.dao.file.TextEntitySource: movies: reading entities of type EntityType[item]
22:27:57.817 DEBUG [main] org.lenskit.data.dao.file.TextEntitySource: class org.lenskit.data.entities.BasicEntityBuilder: using entity builder {}
22:27:57.817 DEBUG [main] org.lenskit.data.dao.file.TextEntitySource: loading source tags with base URI file:/C:/Users/hp/Desktop/Coursera/IntroductionToRecommenderSystem_NonPersonalized/nonpers-assignment/data/movielens.yml
22:27:57.817 DEBUG [main] org.lenskit.data.dao.file.TextEntitySource: resolved file URI: file:/C:/Users/hp/Desktop/Coursera/IntroductionToRecommenderSystem_NonPersonalized/nonpers-assignment/data/tags.csv
22:27:57.817 INFO [main] org.lenskit.data.dao.file.TextEntitySource: loading text file source tags to read from file:/C:/Users/hp/Desktop/Coursera/IntroductionToRecommenderSystem_NonPersonalized/nonpers-assignment/data/tags.csv
22:27:57.817 DEBUG [main] org.lenskit.data.dao.file.TextEntitySource: tags: using delimiter ,
22:27:57.817 DEBUG [main] org.lenskit.data.dao.file.TextEntitySource: tags: reading header
22:27:57.817 DEBUG [main] org.lenskit.data.dao.file.TextEntitySource: tags: reading entities of type EntityType[item-tag]
22:27:57.825 DEBUG [main] org.lenskit.data.dao.file.TextEntitySource: class org.lenskit.data.entities.BasicEntityBuilder: using entity builder {}
22:27:57.825 DEBUG [main] org.lenskit.LenskitRecommenderEngineBuilder: building graph from 3 configurations
22:27:57.937 DEBUG [main] org.lenskit.inject.RecommenderInstantiator: replacing nodes in graph with 9 nodes
22:27:57.953 DEBUG [main] org.lenskit.inject.RecommenderInstantiator: found 5 shared nodes
22:28:00.081 INFO [main] org.lenskit.data.dao.file.StaticDataSource: deriving entity type EntityType[user] from EntityType[rating] (column TypedName[user: long])
22:28:00.225 INFO [main] org.lenskit.data.dao.file.StaticDataSource: deriving entity type EntityType[item] from EntityType[rating] (column TypedName[item: long])
22:28:00.281 DEBUG [main] org.lenskit.data.entities.EntityCollectionBuilder: built collection of 2500 entities with type EntityType[item] and 2 indexes
22:28:00.321 DEBUG [main] org.lenskit.data.entities.EntityCollectionBuilder: built collection of 264505 entities with type EntityType[rating] and 2 indexes
22:28:00.337 DEBUG [main] org.lenskit.data.entities.EntityCollectionBuilder: built collection of 94875 entities with type EntityType[item-tag] and 2 indexes
22:28:00.337 DEBUG [main] org.lenskit.data.entities.EntityCollectionBuilder: built collection of 862 entities with type EntityType[user] and 2 indexes
22:28:31.454 DEBUG [main] org.lenskit.mooc.nonpers.assoc.AssociationModel: transforming input map for 2500 items into log data
22:28:31.838 DEBUG [main] org.lenskit.inject.RecommenderInstantiator: final graph has 9 nodes
22:28:31.838 INFO [main] org.lenskit.cli.util.RecommenderLoader: built recommender in 34.01 s
22:28:31.854 INFO [main] org.lenskit.cli.commands.GlobalRecommend: using 1 reference items: [260]
22:28:31.902 INFO [main] org.lenskit.cli.commands.GlobalRecommend: recommended in 47.44 ms
22:28:31.902 INFO [main] org.lenskit.cli.Main: If you use LensKit in published research, please see http://lenskit.org/research/
