20:30:36.623 INFO [main] org.lenskit.cli.Main: Starting LensKit 3.0-M1 on Java 1.8.0_201 from Oracle Corporation
20:30:36.662 DEBUG [main] org.lenskit.LenskitInfo: have 5573 active revisions
20:30:36.670 DEBUG [main] org.lenskit.cli.Main: Built from Git revision c0210fa3281ef8b15b0959bcd5fced43c5fec38a
20:30:36.671 DEBUG [main] org.lenskit.cli.Main: Using VM 'Java HotSpot(TM) 64-Bit Server VM' version 25.201-b09 from Oracle Corporation
20:30:36.671 INFO [main] org.lenskit.cli.Main: Have 4 processors and heap limit of 1799 MiB
20:30:36.690 INFO [main] org.lenskit.cli.util.RecommenderLoader: creating fresh recommender
20:30:37.042 INFO [main] org.lenskit.config.ConfigurationLoader: loading script from file:/C:/Users/hp/Desktop/Coursera/NearestNeighborCollaborativeFiltering/ii-assignment/etc/item-item.groovy
20:30:37.587 DEBUG [main] org.lenskit.data.dao.file.TextEntitySource: loading source ratings with base URI file:/C:/Users/hp/Desktop/Coursera/NearestNeighborCollaborativeFiltering/ii-assignment/data/movielens.yml
20:30:37.587 DEBUG [main] org.lenskit.data.dao.file.TextEntitySource: resolved file URI: file:/C:/Users/hp/Desktop/Coursera/NearestNeighborCollaborativeFiltering/ii-assignment/data/ratings.csv
20:30:37.599 INFO [main] org.lenskit.data.dao.file.TextEntitySource: loading text file source ratings to read from file:/C:/Users/hp/Desktop/Coursera/NearestNeighborCollaborativeFiltering/ii-assignment/data/ratings.csv
20:30:37.606 DEBUG [main] org.lenskit.data.dao.file.TextEntitySource: ratings: using delimiter ,
20:30:37.606 DEBUG [main] org.lenskit.data.dao.file.TextEntitySource: ratings: reading header
20:30:37.606 DEBUG [main] org.lenskit.data.dao.file.TextEntitySource: ratings: reading entities of type EntityType[rating]
20:30:37.650 DEBUG [main] org.lenskit.data.dao.file.TextEntitySource: class org.lenskit.data.ratings.RatingBuilder: using entity builder {}
20:30:37.650 DEBUG [main] org.lenskit.data.dao.file.TextEntitySource: loading source movies with base URI file:/C:/Users/hp/Desktop/Coursera/NearestNeighborCollaborativeFiltering/ii-assignment/data/movielens.yml
20:30:37.650 DEBUG [main] org.lenskit.data.dao.file.TextEntitySource: resolved file URI: file:/C:/Users/hp/Desktop/Coursera/NearestNeighborCollaborativeFiltering/ii-assignment/data/movies.csv
20:30:37.650 INFO [main] org.lenskit.data.dao.file.TextEntitySource: loading text file source movies to read from file:/C:/Users/hp/Desktop/Coursera/NearestNeighborCollaborativeFiltering/ii-assignment/data/movies.csv
20:30:37.650 DEBUG [main] org.lenskit.data.dao.file.TextEntitySource: movies: using delimiter ,
20:30:37.650 DEBUG [main] org.lenskit.data.dao.file.TextEntitySource: movies: reading header
20:30:37.650 DEBUG [main] org.lenskit.data.dao.file.TextEntitySource: movies: reading entities of type EntityType[item]
20:30:37.651 DEBUG [main] org.lenskit.data.dao.file.TextEntitySource: class org.lenskit.data.entities.BasicEntityBuilder: using entity builder {}
20:30:37.651 DEBUG [main] org.lenskit.data.dao.file.TextEntitySource: loading source tags with base URI file:/C:/Users/hp/Desktop/Coursera/NearestNeighborCollaborativeFiltering/ii-assignment/data/movielens.yml
20:30:37.651 DEBUG [main] org.lenskit.data.dao.file.TextEntitySource: resolved file URI: file:/C:/Users/hp/Desktop/Coursera/NearestNeighborCollaborativeFiltering/ii-assignment/data/tags.csv
20:30:37.651 INFO [main] org.lenskit.data.dao.file.TextEntitySource: loading text file source tags to read from file:/C:/Users/hp/Desktop/Coursera/NearestNeighborCollaborativeFiltering/ii-assignment/data/tags.csv
20:30:37.651 DEBUG [main] org.lenskit.data.dao.file.TextEntitySource: tags: using delimiter ,
20:30:37.651 DEBUG [main] org.lenskit.data.dao.file.TextEntitySource: tags: reading header
20:30:37.651 DEBUG [main] org.lenskit.data.dao.file.TextEntitySource: tags: reading entities of type EntityType[item-tag]
20:30:37.651 DEBUG [main] org.lenskit.data.dao.file.TextEntitySource: class org.lenskit.data.entities.BasicEntityBuilder: using entity builder {}
20:30:37.658 DEBUG [main] org.lenskit.LenskitRecommenderEngineBuilder: building graph from 3 configurations
20:30:37.746 DEBUG [main] org.lenskit.inject.RecommenderInstantiator: replacing nodes in graph with 13 nodes
20:30:37.754 DEBUG [main] org.lenskit.inject.RecommenderInstantiator: found 2 shared nodes
20:30:39.358 INFO [main] org.lenskit.data.dao.file.StaticDataSource: deriving entity type EntityType[user] from EntityType[rating] (column TypedName[user: long])
20:30:39.460 INFO [main] org.lenskit.data.dao.file.StaticDataSource: deriving entity type EntityType[item] from EntityType[rating] (column TypedName[item: long])
20:30:39.512 DEBUG [main] org.lenskit.data.entities.EntityCollectionBuilder: built collection of 2500 entities with type EntityType[item] and 2 indexes
20:30:39.546 DEBUG [main] org.lenskit.data.entities.EntityCollectionBuilder: built collection of 264505 entities with type EntityType[rating] and 2 indexes
20:30:39.558 DEBUG [main] org.lenskit.data.entities.EntityCollectionBuilder: built collection of 94875 entities with type EntityType[item-tag] and 2 indexes
20:30:39.559 DEBUG [main] org.lenskit.data.entities.EntityCollectionBuilder: built collection of 862 entities with type EntityType[user] and 2 indexes
20:34:55.038 DEBUG [main] org.lenskit.inject.RecommenderInstantiator: final graph has 13 nodes
20:34:55.040 INFO [main] org.lenskit.cli.util.RecommenderLoader: built recommender in 4.290 min
20:34:55.047 INFO [main] org.lenskit.cli.commands.GlobalRecommend: using 4 reference items: [260, 153, 527, 588]
20:34:55.076 INFO [main] org.lenskit.cli.commands.GlobalRecommend: recommended in 29.20 ms
20:34:55.077 INFO [main] org.lenskit.cli.Main: If you use LensKit in published research, please see http://lenskit.org/research/
