20:34:55.983 INFO [main] org.lenskit.cli.Main: Starting LensKit 3.0-M1 on Java 1.8.0_201 from Oracle Corporation
20:34:56.017 DEBUG [main] org.lenskit.LenskitInfo: have 5573 active revisions
20:34:56.025 DEBUG [main] org.lenskit.cli.Main: Built from Git revision c0210fa3281ef8b15b0959bcd5fced43c5fec38a
20:34:56.025 DEBUG [main] org.lenskit.cli.Main: Using VM 'Java HotSpot(TM) 64-Bit Server VM' version 25.201-b09 from Oracle Corporation
20:34:56.025 INFO [main] org.lenskit.cli.Main: Have 4 processors and heap limit of 1799 MiB
20:34:56.047 INFO [main] org.lenskit.cli.util.RecommenderLoader: creating fresh recommender
20:34:56.400 INFO [main] org.lenskit.config.ConfigurationLoader: loading script from file:/C:/Users/hp/Desktop/Coursera/NearestNeighborCollaborativeFiltering/ii-assignment/etc/item-item.groovy
20:34:56.970 DEBUG [main] org.lenskit.data.dao.file.TextEntitySource: loading source ratings with base URI file:/C:/Users/hp/Desktop/Coursera/NearestNeighborCollaborativeFiltering/ii-assignment/data/movielens.yml
20:34:56.970 DEBUG [main] org.lenskit.data.dao.file.TextEntitySource: resolved file URI: file:/C:/Users/hp/Desktop/Coursera/NearestNeighborCollaborativeFiltering/ii-assignment/data/ratings.csv
20:34:56.984 INFO [main] org.lenskit.data.dao.file.TextEntitySource: loading text file source ratings to read from file:/C:/Users/hp/Desktop/Coursera/NearestNeighborCollaborativeFiltering/ii-assignment/data/ratings.csv
20:34:56.991 DEBUG [main] org.lenskit.data.dao.file.TextEntitySource: ratings: using delimiter ,
20:34:56.992 DEBUG [main] org.lenskit.data.dao.file.TextEntitySource: ratings: reading header
20:34:56.992 DEBUG [main] org.lenskit.data.dao.file.TextEntitySource: ratings: reading entities of type EntityType[rating]
20:34:57.044 DEBUG [main] org.lenskit.data.dao.file.TextEntitySource: class org.lenskit.data.ratings.RatingBuilder: using entity builder {}
20:34:57.044 DEBUG [main] org.lenskit.data.dao.file.TextEntitySource: loading source movies with base URI file:/C:/Users/hp/Desktop/Coursera/NearestNeighborCollaborativeFiltering/ii-assignment/data/movielens.yml
20:34:57.044 DEBUG [main] org.lenskit.data.dao.file.TextEntitySource: resolved file URI: file:/C:/Users/hp/Desktop/Coursera/NearestNeighborCollaborativeFiltering/ii-assignment/data/movies.csv
20:34:57.044 INFO [main] org.lenskit.data.dao.file.TextEntitySource: loading text file source movies to read from file:/C:/Users/hp/Desktop/Coursera/NearestNeighborCollaborativeFiltering/ii-assignment/data/movies.csv
20:34:57.045 DEBUG [main] org.lenskit.data.dao.file.TextEntitySource: movies: using delimiter ,
20:34:57.045 DEBUG [main] org.lenskit.data.dao.file.TextEntitySource: movies: reading header
20:34:57.045 DEBUG [main] org.lenskit.data.dao.file.TextEntitySource: movies: reading entities of type EntityType[item]
20:34:57.045 DEBUG [main] org.lenskit.data.dao.file.TextEntitySource: class org.lenskit.data.entities.BasicEntityBuilder: using entity builder {}
20:34:57.045 DEBUG [main] org.lenskit.data.dao.file.TextEntitySource: loading source tags with base URI file:/C:/Users/hp/Desktop/Coursera/NearestNeighborCollaborativeFiltering/ii-assignment/data/movielens.yml
20:34:57.045 DEBUG [main] org.lenskit.data.dao.file.TextEntitySource: resolved file URI: file:/C:/Users/hp/Desktop/Coursera/NearestNeighborCollaborativeFiltering/ii-assignment/data/tags.csv
20:34:57.045 INFO [main] org.lenskit.data.dao.file.TextEntitySource: loading text file source tags to read from file:/C:/Users/hp/Desktop/Coursera/NearestNeighborCollaborativeFiltering/ii-assignment/data/tags.csv
20:34:57.045 DEBUG [main] org.lenskit.data.dao.file.TextEntitySource: tags: using delimiter ,
20:34:57.045 DEBUG [main] org.lenskit.data.dao.file.TextEntitySource: tags: reading header
20:34:57.045 DEBUG [main] org.lenskit.data.dao.file.TextEntitySource: tags: reading entities of type EntityType[item-tag]
20:34:57.046 DEBUG [main] org.lenskit.data.dao.file.TextEntitySource: class org.lenskit.data.entities.BasicEntityBuilder: using entity builder {}
20:34:57.051 DEBUG [main] org.lenskit.LenskitRecommenderEngineBuilder: building graph from 3 configurations
20:34:57.138 DEBUG [main] org.lenskit.inject.RecommenderInstantiator: replacing nodes in graph with 13 nodes
20:34:57.144 DEBUG [main] org.lenskit.inject.RecommenderInstantiator: found 2 shared nodes
20:34:58.844 INFO [main] org.lenskit.data.dao.file.StaticDataSource: deriving entity type EntityType[user] from EntityType[rating] (column TypedName[user: long])
20:34:58.950 INFO [main] org.lenskit.data.dao.file.StaticDataSource: deriving entity type EntityType[item] from EntityType[rating] (column TypedName[item: long])
20:34:58.987 DEBUG [main] org.lenskit.data.entities.EntityCollectionBuilder: built collection of 2500 entities with type EntityType[item] and 2 indexes
20:34:59.017 DEBUG [main] org.lenskit.data.entities.EntityCollectionBuilder: built collection of 264505 entities with type EntityType[rating] and 2 indexes
20:34:59.032 DEBUG [main] org.lenskit.data.entities.EntityCollectionBuilder: built collection of 94875 entities with type EntityType[item-tag] and 2 indexes
20:34:59.033 DEBUG [main] org.lenskit.data.entities.EntityCollectionBuilder: built collection of 862 entities with type EntityType[user] and 2 indexes
20:39:17.018 DEBUG [main] org.lenskit.inject.RecommenderInstantiator: final graph has 13 nodes
20:39:17.021 INFO [main] org.lenskit.cli.util.RecommenderLoader: built recommender in 4.333 min
20:39:17.032 INFO [main] org.lenskit.cli.commands.Predict: predicting 4 items
20:39:17.069 INFO [main] org.lenskit.cli.commands.Predict: predicted for 4 items in 36.97 ms
20:39:17.070 INFO [main] org.lenskit.cli.Main: If you use LensKit in published research, please see http://lenskit.org/research/
