20:39:17.887 INFO [main] org.lenskit.cli.Main: Starting LensKit 3.0-M1 on Java 1.8.0_201 from Oracle Corporation
20:39:17.921 DEBUG [main] org.lenskit.LenskitInfo: have 5573 active revisions
20:39:17.929 DEBUG [main] org.lenskit.cli.Main: Built from Git revision c0210fa3281ef8b15b0959bcd5fced43c5fec38a
20:39:17.929 DEBUG [main] org.lenskit.cli.Main: Using VM 'Java HotSpot(TM) 64-Bit Server VM' version 25.201-b09 from Oracle Corporation
20:39:17.929 INFO [main] org.lenskit.cli.Main: Have 4 processors and heap limit of 1799 MiB
20:39:17.952 INFO [main] org.lenskit.cli.util.RecommenderLoader: creating fresh recommender
20:39:18.278 INFO [main] org.lenskit.config.ConfigurationLoader: loading script from file:/C:/Users/hp/Desktop/Coursera/NearestNeighborCollaborativeFiltering/ii-assignment/etc/item-item.groovy
20:39:18.802 DEBUG [main] org.lenskit.data.dao.file.TextEntitySource: loading source ratings with base URI file:/C:/Users/hp/Desktop/Coursera/NearestNeighborCollaborativeFiltering/ii-assignment/data/movielens.yml
20:39:18.802 DEBUG [main] org.lenskit.data.dao.file.TextEntitySource: resolved file URI: file:/C:/Users/hp/Desktop/Coursera/NearestNeighborCollaborativeFiltering/ii-assignment/data/ratings.csv
20:39:18.814 INFO [main] org.lenskit.data.dao.file.TextEntitySource: loading text file source ratings to read from file:/C:/Users/hp/Desktop/Coursera/NearestNeighborCollaborativeFiltering/ii-assignment/data/ratings.csv
20:39:18.822 DEBUG [main] org.lenskit.data.dao.file.TextEntitySource: ratings: using delimiter ,
20:39:18.822 DEBUG [main] org.lenskit.data.dao.file.TextEntitySource: ratings: reading header
20:39:18.822 DEBUG [main] org.lenskit.data.dao.file.TextEntitySource: ratings: reading entities of type EntityType[rating]
20:39:18.873 DEBUG [main] org.lenskit.data.dao.file.TextEntitySource: class org.lenskit.data.ratings.RatingBuilder: using entity builder {}
20:39:18.874 DEBUG [main] org.lenskit.data.dao.file.TextEntitySource: loading source movies with base URI file:/C:/Users/hp/Desktop/Coursera/NearestNeighborCollaborativeFiltering/ii-assignment/data/movielens.yml
20:39:18.874 DEBUG [main] org.lenskit.data.dao.file.TextEntitySource: resolved file URI: file:/C:/Users/hp/Desktop/Coursera/NearestNeighborCollaborativeFiltering/ii-assignment/data/movies.csv
20:39:18.874 INFO [main] org.lenskit.data.dao.file.TextEntitySource: loading text file source movies to read from file:/C:/Users/hp/Desktop/Coursera/NearestNeighborCollaborativeFiltering/ii-assignment/data/movies.csv
20:39:18.874 DEBUG [main] org.lenskit.data.dao.file.TextEntitySource: movies: using delimiter ,
20:39:18.874 DEBUG [main] org.lenskit.data.dao.file.TextEntitySource: movies: reading header
20:39:18.874 DEBUG [main] org.lenskit.data.dao.file.TextEntitySource: movies: reading entities of type EntityType[item]
20:39:18.874 DEBUG [main] org.lenskit.data.dao.file.TextEntitySource: class org.lenskit.data.entities.BasicEntityBuilder: using entity builder {}
20:39:18.874 DEBUG [main] org.lenskit.data.dao.file.TextEntitySource: loading source tags with base URI file:/C:/Users/hp/Desktop/Coursera/NearestNeighborCollaborativeFiltering/ii-assignment/data/movielens.yml
20:39:18.874 DEBUG [main] org.lenskit.data.dao.file.TextEntitySource: resolved file URI: file:/C:/Users/hp/Desktop/Coursera/NearestNeighborCollaborativeFiltering/ii-assignment/data/tags.csv
20:39:18.874 INFO [main] org.lenskit.data.dao.file.TextEntitySource: loading text file source tags to read from file:/C:/Users/hp/Desktop/Coursera/NearestNeighborCollaborativeFiltering/ii-assignment/data/tags.csv
20:39:18.875 DEBUG [main] org.lenskit.data.dao.file.TextEntitySource: tags: using delimiter ,
20:39:18.875 DEBUG [main] org.lenskit.data.dao.file.TextEntitySource: tags: reading header
20:39:18.875 DEBUG [main] org.lenskit.data.dao.file.TextEntitySource: tags: reading entities of type EntityType[item-tag]
20:39:18.875 DEBUG [main] org.lenskit.data.dao.file.TextEntitySource: class org.lenskit.data.entities.BasicEntityBuilder: using entity builder {}
20:39:18.882 DEBUG [main] org.lenskit.LenskitRecommenderEngineBuilder: building graph from 3 configurations
20:39:18.975 DEBUG [main] org.lenskit.inject.RecommenderInstantiator: replacing nodes in graph with 13 nodes
20:39:18.981 DEBUG [main] org.lenskit.inject.RecommenderInstantiator: found 2 shared nodes
20:39:20.947 INFO [main] org.lenskit.data.dao.file.StaticDataSource: deriving entity type EntityType[user] from EntityType[rating] (column TypedName[user: long])
20:39:21.186 INFO [main] org.lenskit.data.dao.file.StaticDataSource: deriving entity type EntityType[item] from EntityType[rating] (column TypedName[item: long])
20:39:21.236 DEBUG [main] org.lenskit.data.entities.EntityCollectionBuilder: built collection of 2500 entities with type EntityType[item] and 2 indexes
20:39:21.269 DEBUG [main] org.lenskit.data.entities.EntityCollectionBuilder: built collection of 264505 entities with type EntityType[rating] and 2 indexes
20:39:21.283 DEBUG [main] org.lenskit.data.entities.EntityCollectionBuilder: built collection of 94875 entities with type EntityType[item-tag] and 2 indexes
20:39:21.284 DEBUG [main] org.lenskit.data.entities.EntityCollectionBuilder: built collection of 862 entities with type EntityType[user] and 2 indexes
20:43:42.186 DEBUG [main] org.lenskit.inject.RecommenderInstantiator: final graph has 13 nodes
20:43:42.188 INFO [main] org.lenskit.cli.util.RecommenderLoader: built recommender in 4.388 min
20:43:42.199 INFO [main] org.lenskit.cli.commands.Recommend: recommending for 1 users
20:43:42.213 DEBUG [main] org.lenskit.basic.TopNItemRecommender: computing effective candidates for user 320 from 2500 candidates and 62 excluded items
20:43:42.214 DEBUG [main] org.lenskit.basic.TopNItemRecommender: Computing 10 recommendations for user 320 from 2438 candidates
20:43:43.610 INFO [main] org.lenskit.cli.commands.Recommend: recommended for 1 users in 1.411 s
20:43:43.610 INFO [main] org.lenskit.cli.Main: If you use LensKit in published research, please see http://lenskit.org/research/
