18:48:25.186 INFO [main] org.lenskit.cli.Main: Starting LensKit 3.0-M1 on Java 1.8.0_261 from Oracle Corporation
18:48:25.234 DEBUG [main] org.lenskit.LenskitInfo: have 5573 active revisions
18:48:25.250 DEBUG [main] org.lenskit.cli.Main: Built from Git revision c0210fa3281ef8b15b0959bcd5fced43c5fec38a
18:48:25.250 DEBUG [main] org.lenskit.cli.Main: Using VM 'Java HotSpot(TM) 64-Bit Server VM' version 25.261-b12 from Oracle Corporation
18:48:25.250 INFO [main] org.lenskit.cli.Main: Have 4 processors and heap limit of 1799 MiB
18:48:25.282 INFO [main] org.lenskit.cli.util.RecommenderLoader: creating fresh recommender
18:48:25.915 INFO [main] org.lenskit.config.ConfigurationLoader: loading script from file:/C:/Users/hp/Desktop/Coursera/NearestNeighborCollaborativeFiltering/uu-assignment/etc/user-user.groovy
18:48:26.972 DEBUG [main] org.lenskit.data.dao.file.TextEntitySource: loading source ratings with base URI file:/C:/Users/hp/Desktop/Coursera/NearestNeighborCollaborativeFiltering/uu-assignment/data/movielens.yml
18:48:26.972 DEBUG [main] org.lenskit.data.dao.file.TextEntitySource: resolved file URI: file:/C:/Users/hp/Desktop/Coursera/NearestNeighborCollaborativeFiltering/uu-assignment/data/ratings.csv
18:48:26.996 INFO [main] org.lenskit.data.dao.file.TextEntitySource: loading text file source ratings to read from file:/C:/Users/hp/Desktop/Coursera/NearestNeighborCollaborativeFiltering/uu-assignment/data/ratings.csv
18:48:27.012 DEBUG [main] org.lenskit.data.dao.file.TextEntitySource: ratings: using delimiter ,
18:48:27.012 DEBUG [main] org.lenskit.data.dao.file.TextEntitySource: ratings: reading header
18:48:27.012 DEBUG [main] org.lenskit.data.dao.file.TextEntitySource: ratings: reading entities of type EntityType[rating]
18:48:27.124 DEBUG [main] org.lenskit.data.dao.file.TextEntitySource: class org.lenskit.data.ratings.RatingBuilder: using entity builder {}
18:48:27.124 DEBUG [main] org.lenskit.data.dao.file.TextEntitySource: loading source movies with base URI file:/C:/Users/hp/Desktop/Coursera/NearestNeighborCollaborativeFiltering/uu-assignment/data/movielens.yml
18:48:27.124 DEBUG [main] org.lenskit.data.dao.file.TextEntitySource: resolved file URI: file:/C:/Users/hp/Desktop/Coursera/NearestNeighborCollaborativeFiltering/uu-assignment/data/movies.csv
18:48:27.124 INFO [main] org.lenskit.data.dao.file.TextEntitySource: loading text file source movies to read from file:/C:/Users/hp/Desktop/Coursera/NearestNeighborCollaborativeFiltering/uu-assignment/data/movies.csv
18:48:27.124 DEBUG [main] org.lenskit.data.dao.file.TextEntitySource: movies: using delimiter ,
18:48:27.124 DEBUG [main] org.lenskit.data.dao.file.TextEntitySource: movies: reading header
18:48:27.124 DEBUG [main] org.lenskit.data.dao.file.TextEntitySource: movies: reading entities of type EntityType[item]
18:48:27.124 DEBUG [main] org.lenskit.data.dao.file.TextEntitySource: class org.lenskit.data.entities.BasicEntityBuilder: using entity builder {}
18:48:27.132 DEBUG [main] org.lenskit.data.dao.file.TextEntitySource: loading source tags with base URI file:/C:/Users/hp/Desktop/Coursera/NearestNeighborCollaborativeFiltering/uu-assignment/data/movielens.yml
18:48:27.132 DEBUG [main] org.lenskit.data.dao.file.TextEntitySource: resolved file URI: file:/C:/Users/hp/Desktop/Coursera/NearestNeighborCollaborativeFiltering/uu-assignment/data/tags.csv
18:48:27.132 INFO [main] org.lenskit.data.dao.file.TextEntitySource: loading text file source tags to read from file:/C:/Users/hp/Desktop/Coursera/NearestNeighborCollaborativeFiltering/uu-assignment/data/tags.csv
18:48:27.132 DEBUG [main] org.lenskit.data.dao.file.TextEntitySource: tags: using delimiter ,
18:48:27.132 DEBUG [main] org.lenskit.data.dao.file.TextEntitySource: tags: reading header
18:48:27.132 DEBUG [main] org.lenskit.data.dao.file.TextEntitySource: tags: reading entities of type EntityType[item-tag]
18:48:27.132 DEBUG [main] org.lenskit.data.dao.file.TextEntitySource: class org.lenskit.data.entities.BasicEntityBuilder: using entity builder {}
18:48:27.148 DEBUG [main] org.lenskit.LenskitRecommenderEngineBuilder: building graph from 3 configurations
18:48:27.284 DEBUG [main] org.lenskit.inject.RecommenderInstantiator: replacing nodes in graph with 12 nodes
18:48:27.300 DEBUG [main] org.lenskit.inject.RecommenderInstantiator: found 3 shared nodes
18:48:27.300 DEBUG [main] org.lenskit.inject.RecommenderInstantiator: final graph has 12 nodes
18:48:27.300 INFO [main] org.lenskit.cli.util.RecommenderLoader: built recommender in 153.9 ms
18:48:29.637 INFO [main] org.lenskit.data.dao.file.StaticDataSource: deriving entity type EntityType[user] from EntityType[rating] (column TypedName[user: long])
18:48:29.765 INFO [main] org.lenskit.data.dao.file.StaticDataSource: deriving entity type EntityType[item] from EntityType[rating] (column TypedName[item: long])
18:48:29.869 DEBUG [main] org.lenskit.data.entities.EntityCollectionBuilder: built collection of 2500 entities with type EntityType[item] and 2 indexes
18:48:29.925 DEBUG [main] org.lenskit.data.entities.EntityCollectionBuilder: built collection of 264505 entities with type EntityType[rating] and 2 indexes
18:48:29.941 DEBUG [main] org.lenskit.data.entities.EntityCollectionBuilder: built collection of 94875 entities with type EntityType[item-tag] and 2 indexes
18:48:29.941 DEBUG [main] org.lenskit.data.entities.EntityCollectionBuilder: built collection of 862 entities with type EntityType[user] and 2 indexes
18:48:29.957 INFO [main] org.lenskit.cli.commands.Predict: predicting 4 items
18:48:30.349 INFO [main] org.lenskit.cli.commands.Predict: predicted for 4 items in 390.6 ms
18:48:30.349 INFO [main] org.lenskit.cli.Main: If you use LensKit in published research, please see http://lenskit.org/research/
