18:45:42.634 INFO [main] org.lenskit.cli.Main: Starting LensKit 3.0-M1 on Java 1.8.0_201 from Oracle Corporation
18:45:42.690 DEBUG [main] org.lenskit.LenskitInfo: have 5573 active revisions
18:45:42.695 DEBUG [main] org.lenskit.cli.Main: Built from Git revision c0210fa3281ef8b15b0959bcd5fced43c5fec38a
18:45:42.700 DEBUG [main] org.lenskit.cli.Main: Using VM 'Java HotSpot(TM) 64-Bit Server VM' version 25.201-b09 from Oracle Corporation
18:45:42.700 INFO [main] org.lenskit.cli.Main: Have 4 processors and heap limit of 1799 MiB
18:45:42.732 INFO [main] org.lenskit.cli.util.RecommenderLoader: creating fresh recommender
18:45:43.215 INFO [main] org.lenskit.config.ConfigurationLoader: loading script from file:/C:/Users/hp/Desktop/Coursera/NearestNeighborCollaborativeFiltering/uu-assignment/etc/blended.groovy
18:45:44.115 DEBUG [main] org.lenskit.data.dao.file.TextEntitySource: loading source ratings with base URI file:/C:/Users/hp/Desktop/Coursera/NearestNeighborCollaborativeFiltering/uu-assignment/data/movielens.yml
18:45:44.115 DEBUG [main] org.lenskit.data.dao.file.TextEntitySource: resolved file URI: file:/C:/Users/hp/Desktop/Coursera/NearestNeighborCollaborativeFiltering/uu-assignment/data/ratings.csv
18:45:44.134 INFO [main] org.lenskit.data.dao.file.TextEntitySource: loading text file source ratings to read from file:/C:/Users/hp/Desktop/Coursera/NearestNeighborCollaborativeFiltering/uu-assignment/data/ratings.csv
18:45:44.150 DEBUG [main] org.lenskit.data.dao.file.TextEntitySource: ratings: using delimiter ,
18:45:44.150 DEBUG [main] org.lenskit.data.dao.file.TextEntitySource: ratings: reading header
18:45:44.150 DEBUG [main] org.lenskit.data.dao.file.TextEntitySource: ratings: reading entities of type EntityType[rating]
18:45:44.224 DEBUG [main] org.lenskit.data.dao.file.TextEntitySource: class org.lenskit.data.ratings.RatingBuilder: using entity builder {}
18:45:44.224 DEBUG [main] org.lenskit.data.dao.file.TextEntitySource: loading source movies with base URI file:/C:/Users/hp/Desktop/Coursera/NearestNeighborCollaborativeFiltering/uu-assignment/data/movielens.yml
18:45:44.224 DEBUG [main] org.lenskit.data.dao.file.TextEntitySource: resolved file URI: file:/C:/Users/hp/Desktop/Coursera/NearestNeighborCollaborativeFiltering/uu-assignment/data/movies.csv
18:45:44.224 INFO [main] org.lenskit.data.dao.file.TextEntitySource: loading text file source movies to read from file:/C:/Users/hp/Desktop/Coursera/NearestNeighborCollaborativeFiltering/uu-assignment/data/movies.csv
18:45:44.224 DEBUG [main] org.lenskit.data.dao.file.TextEntitySource: movies: using delimiter ,
18:45:44.224 DEBUG [main] org.lenskit.data.dao.file.TextEntitySource: movies: reading header
18:45:44.224 DEBUG [main] org.lenskit.data.dao.file.TextEntitySource: movies: reading entities of type EntityType[item]
18:45:44.224 DEBUG [main] org.lenskit.data.dao.file.TextEntitySource: class org.lenskit.data.entities.BasicEntityBuilder: using entity builder {}
18:45:44.224 DEBUG [main] org.lenskit.data.dao.file.TextEntitySource: loading source tags with base URI file:/C:/Users/hp/Desktop/Coursera/NearestNeighborCollaborativeFiltering/uu-assignment/data/movielens.yml
18:45:44.224 DEBUG [main] org.lenskit.data.dao.file.TextEntitySource: resolved file URI: file:/C:/Users/hp/Desktop/Coursera/NearestNeighborCollaborativeFiltering/uu-assignment/data/tags.csv
18:45:44.224 INFO [main] org.lenskit.data.dao.file.TextEntitySource: loading text file source tags to read from file:/C:/Users/hp/Desktop/Coursera/NearestNeighborCollaborativeFiltering/uu-assignment/data/tags.csv
18:45:44.224 DEBUG [main] org.lenskit.data.dao.file.TextEntitySource: tags: using delimiter ,
18:45:44.224 DEBUG [main] org.lenskit.data.dao.file.TextEntitySource: tags: reading header
18:45:44.224 DEBUG [main] org.lenskit.data.dao.file.TextEntitySource: tags: reading entities of type EntityType[item-tag]
18:45:44.224 DEBUG [main] org.lenskit.data.dao.file.TextEntitySource: class org.lenskit.data.entities.BasicEntityBuilder: using entity builder {}
18:45:44.235 DEBUG [main] org.lenskit.LenskitRecommenderEngineBuilder: building graph from 3 configurations
18:45:44.385 DEBUG [main] org.lenskit.inject.RecommenderInstantiator: replacing nodes in graph with 17 nodes
18:45:44.390 DEBUG [main] org.lenskit.inject.RecommenderInstantiator: found 6 shared nodes
18:45:46.123 INFO [main] org.lenskit.data.dao.file.StaticDataSource: deriving entity type EntityType[user] from EntityType[rating] (column TypedName[user: long])
18:45:46.274 INFO [main] org.lenskit.data.dao.file.StaticDataSource: deriving entity type EntityType[item] from EntityType[rating] (column TypedName[item: long])
18:45:46.322 DEBUG [main] org.lenskit.data.entities.EntityCollectionBuilder: built collection of 2500 entities with type EntityType[item] and 2 indexes
18:45:46.365 DEBUG [main] org.lenskit.data.entities.EntityCollectionBuilder: built collection of 264505 entities with type EntityType[rating] and 2 indexes
18:45:46.390 DEBUG [main] org.lenskit.data.entities.EntityCollectionBuilder: built collection of 94875 entities with type EntityType[item-tag] and 2 indexes
18:45:46.390 DEBUG [main] org.lenskit.data.entities.EntityCollectionBuilder: built collection of 862 entities with type EntityType[user] and 2 indexes
18:45:46.510 INFO [main] org.lenskit.data.ratings.RatingSummaryProvider: summarized 2500 items with 264505 ratings
18:45:46.565 DEBUG [main] org.lenskit.inject.RecommenderInstantiator: final graph has 17 nodes
18:45:46.565 INFO [main] org.lenskit.cli.util.RecommenderLoader: built recommender in 2.329 s
18:45:46.585 INFO [main] org.lenskit.cli.commands.Recommend: recommending for 1 users
18:45:46.594 DEBUG [main] org.lenskit.basic.TopNItemRecommender: computing effective candidates for user 320 from 2500 candidates and 62 excluded items
18:45:46.605 DEBUG [main] org.lenskit.basic.TopNItemRecommender: Computing -1 recommendations for user 320 from 2438 candidates
18:45:47.224 DEBUG [main] org.lenskit.basic.TopNItemRecommender: computing effective candidates for user 320 from 2500 candidates and 62 excluded items
18:45:47.224 DEBUG [main] org.lenskit.basic.TopNItemRecommender: Computing -1 recommendations for user 320 from 2438 candidates
18:45:47.224 DEBUG [main] org.lenskit.hybrid.RankBlendingItemRecommender: recommending for user 10 with 2438 left and 2438 right recommendations
18:45:47.245 INFO [main] org.lenskit.cli.commands.Recommend: recommended for 1 users in 660.7 ms
18:45:47.245 INFO [main] org.lenskit.cli.Main: If you use LensKit in published research, please see http://lenskit.org/research/
