18:45:36.745 INFO [main] org.lenskit.cli.Main: Starting LensKit 3.0-M1 on Java 1.8.0_201 from Oracle Corporation
18:45:36.805 DEBUG [main] org.lenskit.LenskitInfo: have 5573 active revisions
18:45:36.814 DEBUG [main] org.lenskit.cli.Main: Built from Git revision c0210fa3281ef8b15b0959bcd5fced43c5fec38a
18:45:36.814 DEBUG [main] org.lenskit.cli.Main: Using VM 'Java HotSpot(TM) 64-Bit Server VM' version 25.201-b09 from Oracle Corporation
18:45:36.814 INFO [main] org.lenskit.cli.Main: Have 4 processors and heap limit of 1799 MiB
18:45:36.850 INFO [main] org.lenskit.cli.util.RecommenderLoader: creating fresh recommender
18:45:37.305 INFO [main] org.lenskit.config.ConfigurationLoader: loading script from file:/C:/Users/hp/Desktop/Coursera/NearestNeighborCollaborativeFiltering/uu-assignment/etc/user-user.groovy
18:45:38.228 DEBUG [main] org.lenskit.data.dao.file.TextEntitySource: loading source ratings with base URI file:/C:/Users/hp/Desktop/Coursera/NearestNeighborCollaborativeFiltering/uu-assignment/data/movielens.yml
18:45:38.228 DEBUG [main] org.lenskit.data.dao.file.TextEntitySource: resolved file URI: file:/C:/Users/hp/Desktop/Coursera/NearestNeighborCollaborativeFiltering/uu-assignment/data/ratings.csv
18:45:38.258 INFO [main] org.lenskit.data.dao.file.TextEntitySource: loading text file source ratings to read from file:/C:/Users/hp/Desktop/Coursera/NearestNeighborCollaborativeFiltering/uu-assignment/data/ratings.csv
18:45:38.269 DEBUG [main] org.lenskit.data.dao.file.TextEntitySource: ratings: using delimiter ,
18:45:38.269 DEBUG [main] org.lenskit.data.dao.file.TextEntitySource: ratings: reading header
18:45:38.269 DEBUG [main] org.lenskit.data.dao.file.TextEntitySource: ratings: reading entities of type EntityType[rating]
18:45:38.335 DEBUG [main] org.lenskit.data.dao.file.TextEntitySource: class org.lenskit.data.ratings.RatingBuilder: using entity builder {}
18:45:38.335 DEBUG [main] org.lenskit.data.dao.file.TextEntitySource: loading source movies with base URI file:/C:/Users/hp/Desktop/Coursera/NearestNeighborCollaborativeFiltering/uu-assignment/data/movielens.yml
18:45:38.335 DEBUG [main] org.lenskit.data.dao.file.TextEntitySource: resolved file URI: file:/C:/Users/hp/Desktop/Coursera/NearestNeighborCollaborativeFiltering/uu-assignment/data/movies.csv
18:45:38.335 INFO [main] org.lenskit.data.dao.file.TextEntitySource: loading text file source movies to read from file:/C:/Users/hp/Desktop/Coursera/NearestNeighborCollaborativeFiltering/uu-assignment/data/movies.csv
18:45:38.335 DEBUG [main] org.lenskit.data.dao.file.TextEntitySource: movies: using delimiter ,
18:45:38.335 DEBUG [main] org.lenskit.data.dao.file.TextEntitySource: movies: reading header
18:45:38.335 DEBUG [main] org.lenskit.data.dao.file.TextEntitySource: movies: reading entities of type EntityType[item]
18:45:38.335 DEBUG [main] org.lenskit.data.dao.file.TextEntitySource: class org.lenskit.data.entities.BasicEntityBuilder: using entity builder {}
18:45:38.335 DEBUG [main] org.lenskit.data.dao.file.TextEntitySource: loading source tags with base URI file:/C:/Users/hp/Desktop/Coursera/NearestNeighborCollaborativeFiltering/uu-assignment/data/movielens.yml
18:45:38.335 DEBUG [main] org.lenskit.data.dao.file.TextEntitySource: resolved file URI: file:/C:/Users/hp/Desktop/Coursera/NearestNeighborCollaborativeFiltering/uu-assignment/data/tags.csv
18:45:38.335 INFO [main] org.lenskit.data.dao.file.TextEntitySource: loading text file source tags to read from file:/C:/Users/hp/Desktop/Coursera/NearestNeighborCollaborativeFiltering/uu-assignment/data/tags.csv
18:45:38.335 DEBUG [main] org.lenskit.data.dao.file.TextEntitySource: tags: using delimiter ,
18:45:38.335 DEBUG [main] org.lenskit.data.dao.file.TextEntitySource: tags: reading header
18:45:38.335 DEBUG [main] org.lenskit.data.dao.file.TextEntitySource: tags: reading entities of type EntityType[item-tag]
18:45:38.335 DEBUG [main] org.lenskit.data.dao.file.TextEntitySource: class org.lenskit.data.entities.BasicEntityBuilder: using entity builder {}
18:45:38.352 DEBUG [main] org.lenskit.LenskitRecommenderEngineBuilder: building graph from 3 configurations
18:45:38.448 DEBUG [main] org.lenskit.inject.RecommenderInstantiator: replacing nodes in graph with 12 nodes
18:45:38.456 DEBUG [main] org.lenskit.inject.RecommenderInstantiator: found 3 shared nodes
18:45:38.456 DEBUG [main] org.lenskit.inject.RecommenderInstantiator: final graph has 12 nodes
18:45:38.464 INFO [main] org.lenskit.cli.util.RecommenderLoader: built recommender in 110.5 ms
18:45:40.644 INFO [main] org.lenskit.data.dao.file.StaticDataSource: deriving entity type EntityType[user] from EntityType[rating] (column TypedName[user: long])
18:45:40.793 INFO [main] org.lenskit.data.dao.file.StaticDataSource: deriving entity type EntityType[item] from EntityType[rating] (column TypedName[item: long])
18:45:40.835 DEBUG [main] org.lenskit.data.entities.EntityCollectionBuilder: built collection of 2500 entities with type EntityType[item] and 2 indexes
18:45:40.879 DEBUG [main] org.lenskit.data.entities.EntityCollectionBuilder: built collection of 264505 entities with type EntityType[rating] and 2 indexes
18:45:40.920 DEBUG [main] org.lenskit.data.entities.EntityCollectionBuilder: built collection of 94875 entities with type EntityType[item-tag] and 2 indexes
18:45:40.925 DEBUG [main] org.lenskit.data.entities.EntityCollectionBuilder: built collection of 862 entities with type EntityType[user] and 2 indexes
18:45:40.935 INFO [main] org.lenskit.cli.commands.Recommend: recommending for 1 users
18:45:40.975 DEBUG [main] org.lenskit.basic.TopNItemRecommender: computing effective candidates for user 320 from 2500 candidates and 62 excluded items
18:45:40.975 DEBUG [main] org.lenskit.basic.TopNItemRecommender: Computing 10 recommendations for user 320 from 2438 candidates
18:45:41.564 INFO [main] org.lenskit.cli.commands.Recommend: recommended for 1 users in 630.0 ms
18:45:41.564 INFO [main] org.lenskit.cli.Main: If you use LensKit in published research, please see http://lenskit.org/research/
