21:26:57.777 INFO [main] org.lenskit.cli.Main: Starting LensKit 3.0-M1 on Java 1.8.0_201 from Oracle Corporation
21:26:57.817 DEBUG [main] org.lenskit.LenskitInfo: have 5573 active revisions
21:26:57.833 DEBUG [main] org.lenskit.cli.Main: Built from Git revision c0210fa3281ef8b15b0959bcd5fced43c5fec38a
21:26:57.833 DEBUG [main] org.lenskit.cli.Main: Using VM 'Java HotSpot(TM) 64-Bit Server VM' version 25.201-b09 from Oracle Corporation
21:26:57.833 INFO [main] org.lenskit.cli.Main: Have 4 processors and heap limit of 1799 MiB
21:26:57.857 INFO [main] org.lenskit.cli.util.RecommenderLoader: creating fresh recommender
21:26:58.329 INFO [main] org.lenskit.config.ConfigurationLoader: loading script from file:/C:/Users/hp/Desktop/Coursera/IntroductionToRecommenderSystem_NonPersonalized/cbf-assignment/etc/weighted.groovy
21:26:59.153 DEBUG [main] org.lenskit.data.dao.file.TextEntitySource: loading source ratings with base URI file:/C:/Users/hp/Desktop/Coursera/IntroductionToRecommenderSystem_NonPersonalized/cbf-assignment/data/movielens.yml
21:26:59.153 DEBUG [main] org.lenskit.data.dao.file.TextEntitySource: resolved file URI: file:/C:/Users/hp/Desktop/Coursera/IntroductionToRecommenderSystem_NonPersonalized/cbf-assignment/data/ratings.csv
21:26:59.177 INFO [main] org.lenskit.data.dao.file.TextEntitySource: loading text file source ratings to read from file:/C:/Users/hp/Desktop/Coursera/IntroductionToRecommenderSystem_NonPersonalized/cbf-assignment/data/ratings.csv
21:26:59.185 DEBUG [main] org.lenskit.data.dao.file.TextEntitySource: ratings: using delimiter ,
21:26:59.185 DEBUG [main] org.lenskit.data.dao.file.TextEntitySource: ratings: reading header
21:26:59.185 DEBUG [main] org.lenskit.data.dao.file.TextEntitySource: ratings: reading entities of type EntityType[rating]
21:26:59.257 DEBUG [main] org.lenskit.data.dao.file.TextEntitySource: class org.lenskit.data.ratings.RatingBuilder: using entity builder {}
21:26:59.257 DEBUG [main] org.lenskit.data.dao.file.TextEntitySource: loading source movies with base URI file:/C:/Users/hp/Desktop/Coursera/IntroductionToRecommenderSystem_NonPersonalized/cbf-assignment/data/movielens.yml
21:26:59.257 DEBUG [main] org.lenskit.data.dao.file.TextEntitySource: resolved file URI: file:/C:/Users/hp/Desktop/Coursera/IntroductionToRecommenderSystem_NonPersonalized/cbf-assignment/data/movies.csv
21:26:59.257 INFO [main] org.lenskit.data.dao.file.TextEntitySource: loading text file source movies to read from file:/C:/Users/hp/Desktop/Coursera/IntroductionToRecommenderSystem_NonPersonalized/cbf-assignment/data/movies.csv
21:26:59.257 DEBUG [main] org.lenskit.data.dao.file.TextEntitySource: movies: using delimiter ,
21:26:59.257 DEBUG [main] org.lenskit.data.dao.file.TextEntitySource: movies: reading header
21:26:59.257 DEBUG [main] org.lenskit.data.dao.file.TextEntitySource: movies: reading entities of type EntityType[item]
21:26:59.257 DEBUG [main] org.lenskit.data.dao.file.TextEntitySource: class org.lenskit.data.entities.BasicEntityBuilder: using entity builder {}
21:26:59.257 DEBUG [main] org.lenskit.data.dao.file.TextEntitySource: loading source tags with base URI file:/C:/Users/hp/Desktop/Coursera/IntroductionToRecommenderSystem_NonPersonalized/cbf-assignment/data/movielens.yml
21:26:59.257 DEBUG [main] org.lenskit.data.dao.file.TextEntitySource: resolved file URI: file:/C:/Users/hp/Desktop/Coursera/IntroductionToRecommenderSystem_NonPersonalized/cbf-assignment/data/tags.csv
21:26:59.257 INFO [main] org.lenskit.data.dao.file.TextEntitySource: loading text file source tags to read from file:/C:/Users/hp/Desktop/Coursera/IntroductionToRecommenderSystem_NonPersonalized/cbf-assignment/data/tags.csv
21:26:59.257 DEBUG [main] org.lenskit.data.dao.file.TextEntitySource: tags: using delimiter ,
21:26:59.257 DEBUG [main] org.lenskit.data.dao.file.TextEntitySource: tags: reading header
21:26:59.257 DEBUG [main] org.lenskit.data.dao.file.TextEntitySource: tags: reading entities of type EntityType[item-tag]
21:26:59.273 DEBUG [main] org.lenskit.data.dao.file.TextEntitySource: class org.lenskit.data.entities.BasicEntityBuilder: using entity builder {}
21:26:59.281 DEBUG [main] org.lenskit.LenskitRecommenderEngineBuilder: building graph from 3 configurations
21:26:59.417 DEBUG [main] org.lenskit.inject.RecommenderInstantiator: replacing nodes in graph with 14 nodes
21:26:59.425 DEBUG [main] org.lenskit.inject.RecommenderInstantiator: found 4 shared nodes
21:27:01.824 INFO [main] org.lenskit.data.dao.file.StaticDataSource: deriving entity type EntityType[user] from EntityType[rating] (column TypedName[user: long])
21:27:01.992 INFO [main] org.lenskit.data.dao.file.StaticDataSource: deriving entity type EntityType[item] from EntityType[rating] (column TypedName[item: long])
21:27:02.040 INFO [main] org.lenskit.data.dao.file.StaticDataSource: deriving entity type EntityType[user] from EntityType[item-tag] (column TypedName[user: long])
21:27:02.080 INFO [main] org.lenskit.data.dao.file.StaticDataSource: deriving entity type EntityType[item] from EntityType[item-tag] (column TypedName[item: long])
21:27:02.112 DEBUG [main] org.lenskit.data.entities.EntityCollectionBuilder: built collection of 2500 entities with type EntityType[item] and 2 indexes
21:27:02.144 DEBUG [main] org.lenskit.data.entities.EntityCollectionBuilder: built collection of 264505 entities with type EntityType[rating] and 2 indexes
21:27:02.168 DEBUG [main] org.lenskit.data.entities.EntityCollectionBuilder: built collection of 94875 entities with type EntityType[item-tag] and 2 indexes
21:27:02.168 DEBUG [main] org.lenskit.data.entities.EntityCollectionBuilder: built collection of 862 entities with type EntityType[user] and 2 indexes
21:27:02.176 INFO [main] org.lenskit.mooc.cbf.TFIDFModelProvider: Building TF-IDF model
21:27:02.320 INFO [main] org.lenskit.mooc.cbf.TFIDFModelProvider: Computed TF vectors for 2500 items
21:27:02.408 DEBUG [main] org.lenskit.inject.RecommenderInstantiator: final graph has 14 nodes
21:27:02.416 INFO [main] org.lenskit.cli.util.RecommenderLoader: built recommender in 3.130 s
21:27:02.424 INFO [main] org.lenskit.cli.commands.Recommend: recommending for 1 users
21:27:02.448 DEBUG [main] org.lenskit.basic.TopNItemRecommender: computing effective candidates for user 320 from 2500 candidates and 62 excluded items
21:27:02.456 DEBUG [main] org.lenskit.basic.TopNItemRecommender: Computing 10 recommendations for user 320 from 2438 candidates
21:27:03.104 INFO [main] org.lenskit.cli.commands.Recommend: recommended for 1 users in 670.7 ms
21:27:03.104 INFO [main] org.lenskit.cli.Main: If you use LensKit in published research, please see http://lenskit.org/research/
